[debug] [2025-02-17T11:25:32.774Z] ----------------------------------------------------------------------
[debug] [2025-02-17T11:25:32.777Z] Command:       C:\Program Files\nodejs\node.exe C:\Users\Бодя\AppData\Roaming\npm\node_modules\firebase-tools\lib\bin\firebase.js init
[debug] [2025-02-17T11:25:32.777Z] CLI Version:   13.31.1
[debug] [2025-02-17T11:25:32.777Z] Platform:      win32
[debug] [2025-02-17T11:25:32.777Z] Node Version:  v22.14.0
[debug] [2025-02-17T11:25:32.778Z] Time:          Mon Feb 17 2025 13:25:32 GMT+0200 (за східноєвропейським стандартним часом)
[debug] [2025-02-17T11:25:32.778Z] ----------------------------------------------------------------------
[debug] 
[debug] [2025-02-17T11:25:32.781Z] >>> [apiv2][query] GET https://firebase-public.firebaseio.com/cli.json [none]
[debug] [2025-02-17T11:25:32.827Z] > command requires scopes: ["email","openid","https://www.googleapis.com/auth/cloudplatformprojects.readonly","https://www.googleapis.com/auth/firebase","https://www.googleapis.com/auth/cloud-platform"]
[debug] [2025-02-17T11:25:32.828Z] > authorizing via signed-in user (weh75e@gmail.com)
[info] 
     ######## #### ########  ######## ########     ###     ######  ########
     ##        ##  ##     ## ##       ##     ##  ##   ##  ##       ##
     ######    ##  ########  ######   ########  #########  ######  ######
     ##        ##  ##    ##  ##       ##     ## ##     ##       ## ##
     ##       #### ##     ## ######## ########  ##     ##  ######  ########

You're about to initialize a Firebase project in this directory:

  C:\Users\Бодя\Desktop\www demo

[debug] [2025-02-17T11:25:33.431Z] <<< [apiv2][status] GET https://firebase-public.firebaseio.com/cli.json 200
[debug] [2025-02-17T11:25:33.431Z] <<< [apiv2][body] GET https://firebase-public.firebaseio.com/cli.json {"cloudBuildErrorAfter":1594252800000,"cloudBuildWarnAfter":1590019200000,"defaultNode10After":1594252800000,"minVersion":"3.0.5","node8DeploysDisabledAfter":1613390400000,"node8RuntimeDisabledAfter":1615809600000,"node8WarnAfter":1600128000000}
